<?xml version="1.0" encoding="utf-8"?><testsuites name="pytest tests"><testsuite name="pytest" errors="0" failures="0" skipped="0" tests="17" time="40.056" timestamp="2026-05-07T04:00:51.523108+00:00" hostname="agent-env-d8a28992-1e63-46a2-8384-842c847202ab"><testcase classname="backend.tests.test_agriflow.TestAuth" name="test_root" time="0.956" /><testcase classname="backend.tests.test_agriflow.TestAuth" name="test_register_duplicate" time="2.355" /><testcase classname="backend.tests.test_agriflow.TestAuth" name="test_login_invalid" time="0.885" /><testcase classname="backend.tests.test_agriflow.TestAuth" name="test_me" time="0.646" /><testcase classname="backend.tests.test_agriflow.TestAuth" name="test_me_invalid_token" time="0.665" /><testcase classname="backend.tests.test_agriflow.TestSensors" name="test_history_initial" time="5.932" /><testcase classname="backend.tests.test_agriflow.TestSensors" name="test_latest" time="0.673" /><testcase classname="backend.tests.test_agriflow.TestSensors" name="test_ingest" time="0.695" /><testcase classname="backend.tests.test_agriflow.TestControl" name="test_get_default" time="0.672" /><testcase classname="backend.tests.test_agriflow.TestControl" name="test_update" time="1.387" /><testcase classname="backend.tests.test_agriflow.TestControl" name="test_reset" time="0.668" /><testcase classname="backend.tests.test_agriflow.TestSessions" name="test_session_flow" time="6.119" /><testcase classname="backend.tests.test_agriflow.TestSessions" name="test_stop_nonexistent" time="0.677" /><testcase classname="backend.tests.test_agriflow.TestAI" name="test_analyze_vegetable" time="12.474" /><testcase classname="backend.tests.test_agriflow.TestNotifications" name="test_vapid_public" time="1.351" /><testcase classname="backend.tests.test_agriflow.TestNotifications" name="test_subscribe" time="0.719" /><testcase classname="backend.tests.test_agriflow.TestAutoMode" name="test_auto_stop_on_high_turbidity" time="3.098" /></testsuite></testsuites>